<?xml version="1.0" encoding="UTF-8"?>
<testng-results ignored="0" total="1" passed="1" failed="0" skipped="0">
  <reporter-output>
  </reporter-output>
  <suite started-at="2025-04-19T17:00:21 IST" name="Default suite" finished-at="2025-04-19T17:00:27 IST" duration-ms="5678">
    <groups>
    </groups>
    <test started-at="2025-04-19T17:00:21 IST" name="Default test" finished-at="2025-04-19T17:00:27 IST" duration-ms="5678">
      <class name="demoProject11.TestClass">
        <test-method is-config="true" signature="launchDriver()[pri:0, instance:demoProject11.TestClass@4d1c00d0]" started-at="2025-04-19T17:00:21 IST" name="launchDriver" finished-at="2025-04-19T17:00:22 IST" duration-ms="1160" status="PASS">
          <reporter-output>
          </reporter-output>
        </test-method> <!-- launchDriver -->
        <test-method signature="test1()[pri:0, instance:demoProject11.TestClass@4d1c00d0]" started-at="2025-04-19T17:00:22 IST" name="test1" finished-at="2025-04-19T17:00:27 IST" duration-ms="4360" status="PASS">
          <reporter-output>
          </reporter-output>
        </test-method> <!-- test1 -->
        <test-method is-config="true" signature="quit()[pri:0, instance:demoProject11.TestClass@4d1c00d0]" started-at="2025-04-19T17:00:27 IST" name="quit" finished-at="2025-04-19T17:00:27 IST" duration-ms="116" status="PASS">
          <reporter-output>
          </reporter-output>
        </test-method> <!-- quit -->
      </class> <!-- demoProject11.TestClass -->
    </test> <!-- Default test -->
  </suite> <!-- Default suite -->
</testng-results>
